

Начало работы программы
Ввод числа бочонков
Число бочонков: 5
Пользователь нажал клавишу
Выпал бочонок номер: 5
Пользователь нажал клавишу
Выпал бочонок номер: 2
Пользователь нажал клавишу
Выпал бочонок номер: 1
Пользователь нажал клавишу
Выпал бочонок номер: 3
Пользователь нажал клавишу
Выпал бочонок номер: 4
Завершение работы программы

Начало работы программы
Ввод числа бочонков
Число бочонков: 10
Пользователь нажал клавишу
Выпал бочонок номер: 8
Пользователь нажал клавишу
Выпал бочонок номер: 9
Пользователь нажал клавишу
Выпал бочонок номер: 1
Пользователь нажал клавишу
Выпал бочонок номер: 10
Пользователь нажал клавишу
Выпал бочонок номер: 6
Пользователь нажал клавишу
Выпал бочонок номер: 4
Пользователь нажал клавишу
Выпал бочонок номер: 5
Пользователь нажал клавишу
Выпал бочонок номер: 7
Пользователь нажал клавишу
Выпал бочонок номер: 2
Пользователь нажал клавишу
Выпал бочонок номер: 3
Завершение работы программы

Начало работы программы
Ввод числа бочонков
Введено не положительное число: 0
Введено не положительное число: -9
Введено не число
Введено не целое число: 9.5
Число бочонков: 30
Пользователь нажал клавишу
Выпал бочонок номер: 20
Пользователь нажал клавишу
Выпал бочонок номер: 21
Пользователь нажал клавишу
Выпал бочонок номер: 12
Пользователь нажал клавишу
Выпал бочонок номер: 10
Пользователь нажал клавишу
Выпал бочонок номер: 11
Пользователь нажал клавишу
Выпал бочонок номер: 6
Пользователь нажал клавишу
Выпал бочонок номер: 22
Пользователь нажал клавишу
Выпал бочонок номер: 27
Пользователь нажал клавишу
Выпал бочонок номер: 23
Пользователь нажал клавишу
Выпал бочонок номер: 7
Пользователь нажал клавишу
Выпал бочонок номер: 8
Пользователь нажал клавишу
Выпал бочонок номер: 29
Пользователь нажал клавишу
Выпал бочонок номер: 25
Пользователь нажал клавишу
Выпал бочонок номер: 18
Пользователь нажал клавишу
Выпал бочонок номер: 26
Пользователь нажал клавишу
Выпал бочонок номер: 14
Пользователь нажал клавишу
Выпал бочонок номер: 28
Пользователь нажал клавишу
Выпал бочонок номер: 4
Пользователь нажал клавишу
Выпал бочонок номер: 15
Пользователь нажал клавишу
Выпал бочонок номер: 2
Пользователь нажал клавишу
Выпал бочонок номер: 5
Пользователь нажал клавишу
Выпал бочонок номер: 17
Пользователь нажал клавишу
Выпал бочонок номер: 1
Пользователь нажал клавишу
Выпал бочонок номер: 19
Пользователь нажал клавишу
Выпал бочонок номер: 24
Пользователь нажал клавишу
Выпал бочонок номер: 13
Пользователь нажал клавишу
Выпал бочонок номер: 3
Пользователь нажал клавишу
Выпал бочонок номер: 16
Пользователь нажал клавишу
Выпал бочонок номер: 9
Пользователь нажал клавишу
Выпал бочонок номер: 30
Завершение работы программы
